TN:
SF:vowfile.js
FN:16,(anonymous_0)
FN:17,(anonymous_1)
FN:42,(anonymous_2)
FNF:3
FNH:3
FNDA:1,(anonymous_0)
FNDA:1,(anonymous_1)
FNDA:1,(anonymous_2)
DA:14,1
DA:16,1
DA:17,1
DA:27,1
DA:37,1
DA:38,1
DA:39,1
DA:42,1
DA:51,1
DA:64,1
LF:10
LH:10
BRF:0
BRH:0
end_of_record
TN:
SF:app\Controllers\Http\ForgotPasswordController.js
FN:10,(anonymous_0)
FN:28,(anonymous_1)
FN:42,(anonymous_2)
FNF:3
FNH:2
FNDA:1,(anonymous_0)
FNDA:1,(anonymous_1)
FNDA:0,(anonymous_2)
DA:3,1
DA:4,1
DA:6,1
DA:7,1
DA:11,1
DA:12,1
DA:13,1
DA:15,1
DA:17,1
DA:19,1
DA:21,1
DA:29,1
DA:36,0
DA:43,0
DA:44,0
DA:45,0
DA:46,0
DA:47,0
DA:48,0
DA:50,0
DA:51,0
DA:56,0
DA:57,0
DA:58,0
DA:62,0
DA:63,0
DA:65,0
DA:70,1
LF:28
LH:13
BRDA:50,0,0,0
BRDA:50,0,1,0
BRF:2
BRH:0
end_of_record
TN:
SF:app\Controllers\Http\ScheduleController.js
FN:14,(anonymous_0)
FN:32,(anonymous_1)
FN:58,(anonymous_2)
FN:70,(anonymous_3)
FN:92,(anonymous_4)
FNF:5
FNH:1
FNDA:0,(anonymous_0)
FNDA:3,(anonymous_1)
FNDA:0,(anonymous_2)
FNDA:0,(anonymous_3)
FNDA:0,(anonymous_4)
DA:7,1
DA:11,1
DA:15,0
DA:16,0
DA:17,0
DA:20,0
DA:22,0
DA:29,0
DA:33,3
DA:34,3
DA:36,3
DA:38,3
DA:40,3
DA:44,0
DA:49,3
DA:55,3
DA:59,0
DA:61,0
DA:67,0
DA:76,0
DA:78,0
DA:80,0
DA:87,0
DA:89,0
DA:93,0
DA:95,0
DA:97,0
DA:99,0
DA:103,1
LF:29
LH:10
BRDA:16,0,0,0
BRDA:16,0,1,0
BRDA:16,1,0,0
BRDA:16,1,1,0
BRDA:40,2,0,0
BRDA:40,2,1,3
BRDA:41,3,0,3
BRDA:41,3,1,0
BRF:8
BRH:2
end_of_record
TN:
SF:app\Controllers\Http\SessionController.js
FN:7,(anonymous_0)
FNF:1
FNH:1
FNDA:2,(anonymous_0)
DA:3,1
DA:8,2
DA:10,2
DA:11,2
DA:12,0
DA:14,2
DA:16,1
DA:20,1
DA:22,1
DA:23,0
DA:26,1
DA:39,1
LF:12
LH:10
BRDA:11,0,0,0
BRDA:11,0,1,2
BRDA:22,1,0,0
BRDA:22,1,1,1
BRF:4
BRH:2
end_of_record
TN:
SF:app\Controllers\Http\UserController.js
FN:25,(anonymous_0)
FN:49,(anonymous_1)
FN:54,(anonymous_2)
FN:92,(anonymous_3)
FN:122,(anonymous_4)
FNF:5
FNH:3
FNDA:1,(anonymous_0)
FNDA:1,(anonymous_1)
FNDA:0,(anonymous_2)
FNDA:3,(anonymous_3)
FNDA:0,(anonymous_4)
DA:3,1
DA:26,1
DA:35,1
DA:37,1
DA:38,0
DA:40,1
DA:41,0
DA:44,1
DA:46,1
DA:50,1
DA:51,1
DA:55,0
DA:63,0
DA:65,0
DA:67,0
DA:68,0
DA:70,0
DA:71,0
DA:74,0
DA:75,0
DA:78,0
DA:85,0
DA:87,0
DA:89,0
DA:93,3
DA:94,3
DA:95,3
DA:97,3
DA:102,1
DA:110,2
DA:112,2
DA:114,2
DA:115,2
DA:116,2
DA:119,2
DA:123,0
DA:124,0
DA:128,1
LF:38
LH:21
BRDA:37,0,0,0
BRDA:37,0,1,1
BRDA:40,1,0,0
BRDA:40,1,1,1
BRDA:70,2,0,0
BRDA:70,2,1,0
BRDA:70,3,0,0
BRDA:70,3,1,0
BRDA:74,4,0,0
BRDA:74,4,1,0
BRDA:74,5,0,0
BRDA:74,5,1,0
BRDA:97,6,0,1
BRDA:97,6,1,2
BRDA:98,7,0,3
BRDA:98,7,1,3
BRDA:98,7,2,2
BRDA:114,8,0,2
BRDA:114,8,1,0
BRDA:114,9,0,2
BRDA:114,9,1,2
BRF:21
BRH:10
end_of_record
TN:
SF:app\Exceptions\Handler.js
FN:26,(anonymous_0)
FN:52,(anonymous_1)
FNF:2
FNH:2
FNDA:8,(anonymous_0)
FNDA:8,(anonymous_1)
DA:3,1
DA:4,1
DA:6,1
DA:27,8
DA:28,5
DA:30,3
DA:34,3
DA:36,3
DA:37,3
DA:39,0
DA:55,1
LF:11
LH:10
BRDA:27,0,0,5
BRDA:27,0,1,3
BRDA:30,1,0,3
BRDA:30,1,1,0
BRDA:31,2,0,3
BRDA:31,2,1,3
BRF:6
BRH:5
end_of_record
TN:
SF:app\Middleware\ConvertEmptyStringsToNull.js
FN:4,(anonymous_0)
FN:7,(anonymous_1)
FNF:2
FNH:2
FNDA:18,(anonymous_0)
FNDA:38,(anonymous_1)
DA:5,18
DA:6,13
DA:7,38
DA:13,18
DA:17,1
LF:5
LH:5
BRDA:5,0,0,13
BRDA:5,0,1,5
BRDA:8,1,0,38
BRDA:8,1,1,0
BRF:4
BRH:3
end_of_record
TN:
SF:app\Models\Desk.js
FN:7,(anonymous_0)
FN:11,(anonymous_1)
FNF:2
FNH:0
FNDA:0,(anonymous_0)
FNDA:0,(anonymous_1)
DA:4,1
DA:8,0
DA:12,0
DA:16,1
LF:4
LH:2
BRF:0
BRH:0
end_of_record
TN:
SF:app\Models\Locale.js
FN:7,(anonymous_0)
FNF:1
FNH:0
FNDA:0,(anonymous_0)
DA:4,1
DA:8,0
DA:12,1
LF:3
LH:2
BRF:0
BRH:0
end_of_record
TN:
SF:app\Models\Schedule.js
FN:7,(anonymous_0)
FN:11,(anonymous_1)
FNF:2
FNH:0
FNDA:0,(anonymous_0)
FNDA:0,(anonymous_1)
DA:4,1
DA:8,0
DA:12,0
DA:16,1
LF:4
LH:2
BRF:0
BRH:0
end_of_record
TN:
SF:app\Models\User.js
FN:11,(anonymous_0)
FN:13,(anonymous_1)
FN:20,(anonymous_2)
FN:34,(anonymous_3)
FN:38,(anonymous_4)
FN:42,(anonymous_5)
FN:46,(anonymous_6)
FN:50,(anonymous_7)
FNF:8
FNH:6
FNDA:1,(anonymous_0)
FNDA:23,(anonymous_1)
FNDA:108,(anonymous_2)
FNDA:0,(anonymous_3)
FNDA:12,(anonymous_4)
FNDA:12,(anonymous_5)
FNDA:0,(anonymous_6)
FNDA:1,(anonymous_7)
DA:4,1
DA:5,1
DA:8,1
DA:12,1
DA:13,1
DA:14,23
DA:15,22
DA:21,108
DA:35,0
DA:39,12
DA:47,0
DA:51,1
DA:58,1
LF:13
LH:11
BRDA:14,0,0,22
BRDA:14,0,1,1
BRF:2
BRH:2
end_of_record
TN:
SF:app\Validators\ForgotPassword\store.js
FN:5,(anonymous_0)
FN:11,(anonymous_1)
FNF:2
FNH:2
FNDA:3,(anonymous_0)
FNDA:1,(anonymous_1)
DA:3,1
DA:6,3
DA:12,1
DA:16,1
LF:4
LH:4
BRF:0
BRH:0
end_of_record
TN:
SF:app\Validators\Schedule\store.js
FN:5,(anonymous_0)
FN:9,(anonymous_1)
FN:19,(anonymous_2)
FNF:3
FNH:3
FNDA:8,(anonymous_0)
FNDA:24,(anonymous_1)
FNDA:8,(anonymous_2)
DA:3,1
DA:6,8
DA:11,24
DA:20,8
DA:24,1
LF:5
LH:5
BRF:0
BRH:0
end_of_record
TN:
SF:app\Validators\User\store.js
FN:5,(anonymous_0)
FN:9,(anonymous_1)
FN:19,(anonymous_2)
FNF:3
FNH:3
FNDA:2,(anonymous_0)
FNDA:6,(anonymous_1)
FNDA:2,(anonymous_2)
DA:3,1
DA:6,2
DA:10,6
DA:20,2
DA:24,1
LF:5
LH:5
BRF:0
BRH:0
end_of_record
TN:
SF:config\app.js
FNF:0
FNH:0
DA:4,1
DA:6,1
LF:2
LH:2
BRF:0
BRH:0
end_of_record
TN:
SF:config\auth.js
FNF:0
FNH:0
DA:4,1
DA:6,1
LF:2
LH:2
BRF:0
BRH:0
end_of_record
TN:
SF:config\bodyParser.js
FNF:0
FNH:0
DA:3,1
LF:1
LH:1
BRF:0
BRH:0
end_of_record
TN:
SF:config\cors.js
FNF:0
FNH:0
DA:3,1
LF:1
LH:1
BRF:0
BRH:0
end_of_record
TN:
SF:config\database.js
FNF:0
FNH:0
DA:4,1
DA:7,1
DA:9,1
LF:3
LH:3
BRF:0
BRH:0
end_of_record
TN:
SF:config\hash.js
FNF:0
FNH:0
DA:4,1
DA:6,1
LF:2
LH:2
BRF:0
BRH:0
end_of_record
TN:
SF:config\mail.js
FNF:0
FNH:0
DA:3,1
DA:5,1
LF:2
LH:2
BRF:0
BRH:0
end_of_record
TN:
SF:config\swagger.js
FNF:0
FNH:0
DA:3,1
LF:1
LH:1
BRF:0
BRH:0
end_of_record
TN:
SF:database\factory.js
FN:17,(anonymous_0)
FN:22,(anonymous_1)
FN:28,(anonymous_2)
FN:35,(anonymous_3)
FN:38,(anonymous_4)
FNF:5
FNH:5
FNDA:26,(anonymous_0)
FNDA:1,(anonymous_1)
FNDA:21,(anonymous_2)
FNDA:2,(anonymous_3)
FNDA:7,(anonymous_4)
DA:15,1
DA:17,26
DA:22,1
DA:28,21
DA:35,2
DA:38,7
LF:6
LH:6
BRF:0
BRH:0
end_of_record
TN:
SF:database\migrations\1503250034279_user.js
FN:7,(anonymous_0)
FN:8,(anonymous_1)
FN:22,(anonymous_2)
FNF:3
FNH:3
FNDA:1,(anonymous_0)
FNDA:1,(anonymous_1)
FNDA:1,(anonymous_2)
DA:4,1
DA:8,1
DA:9,1
DA:10,1
DA:11,1
DA:15,1
DA:16,1
DA:17,1
DA:18,1
DA:23,1
DA:27,1
LF:11
LH:11
BRF:0
BRH:0
end_of_record
TN:
SF:database\migrations\1503250034280_token.js
FN:7,(anonymous_0)
FN:8,(anonymous_1)
FN:18,(anonymous_2)
FNF:3
FNH:3
FNDA:1,(anonymous_0)
FNDA:1,(anonymous_1)
FNDA:1,(anonymous_2)
DA:4,1
DA:8,1
DA:9,1
DA:10,1
DA:11,1
DA:12,1
DA:13,1
DA:14,1
DA:19,1
DA:23,1
LF:10
LH:10
BRF:0
BRH:0
end_of_record
TN:
SF:database\migrations\1574433438263_department_schema.js
FN:7,(anonymous_0)
FN:8,(anonymous_1)
FN:18,(anonymous_2)
FNF:3
FNH:3
FNDA:1,(anonymous_0)
FNDA:1,(anonymous_1)
FNDA:1,(anonymous_2)
DA:4,1
DA:8,1
DA:9,1
DA:10,1
DA:14,1
DA:19,1
DA:23,1
LF:7
LH:7
BRF:0
BRH:0
end_of_record
TN:
SF:database\migrations\1574434749093_add_department_to_user_schema.js
FN:7,(anonymous_0)
FN:8,(anonymous_1)
FN:19,(anonymous_2)
FN:20,(anonymous_3)
FNF:4
FNH:4
FNDA:1,(anonymous_0)
FNDA:1,(anonymous_1)
FNDA:1,(anonymous_2)
FNDA:1,(anonymous_3)
DA:4,1
DA:8,1
DA:9,1
DA:20,1
DA:21,1
DA:26,1
LF:6
LH:6
BRF:0
BRH:0
end_of_record
TN:
SF:database\migrations\1574483919833_desk_schema.js
FN:7,(anonymous_0)
FN:8,(anonymous_1)
FN:16,(anonymous_2)
FNF:3
FNH:3
FNDA:1,(anonymous_0)
FNDA:1,(anonymous_1)
FNDA:1,(anonymous_2)
DA:4,1
DA:8,1
DA:9,1
DA:10,1
DA:11,1
DA:12,1
DA:17,1
DA:21,1
LF:8
LH:8
BRF:0
BRH:0
end_of_record
TN:
SF:database\migrations\1574715429793_locales_schema.js
FN:7,(anonymous_0)
FN:8,(anonymous_1)
FN:15,(anonymous_2)
FNF:3
FNH:3
FNDA:1,(anonymous_0)
FNDA:1,(anonymous_1)
FNDA:1,(anonymous_2)
DA:4,1
DA:8,1
DA:9,1
DA:10,1
DA:11,1
DA:16,1
DA:20,1
LF:7
LH:7
BRF:0
BRH:0
end_of_record
TN:
SF:database\migrations\1574715521693_add_locales_to_desks_schema.js
FN:7,(anonymous_0)
FN:8,(anonymous_1)
FN:19,(anonymous_2)
FN:20,(anonymous_3)
FNF:4
FNH:4
FNDA:1,(anonymous_0)
FNDA:1,(anonymous_1)
FNDA:1,(anonymous_2)
FNDA:1,(anonymous_3)
DA:4,1
DA:8,1
DA:9,1
DA:20,1
DA:21,1
DA:26,1
LF:6
LH:6
BRF:0
BRH:0
end_of_record
TN:
SF:database\migrations\1574777245204_create_permissions_table.js
FN:6,(anonymous_0)
FN:7,(anonymous_1)
FN:16,(anonymous_2)
FNF:3
FNH:3
FNDA:1,(anonymous_0)
FNDA:1,(anonymous_1)
FNDA:1,(anonymous_2)
DA:3,1
DA:7,1
DA:8,1
DA:9,1
DA:10,1
DA:11,1
DA:12,1
DA:17,1
DA:21,1
LF:9
LH:9
BRF:0
BRH:0
end_of_record
TN:
SF:database\migrations\1574777245226_create_roles_table.js
FN:6,(anonymous_0)
FN:7,(anonymous_1)
FN:16,(anonymous_2)
FNF:3
FNH:3
FNDA:1,(anonymous_0)
FNDA:1,(anonymous_1)
FNDA:1,(anonymous_2)
DA:3,1
DA:7,1
DA:8,1
DA:9,1
DA:10,1
DA:11,1
DA:12,1
DA:17,1
DA:21,1
LF:9
LH:9
BRF:0
BRH:0
end_of_record
TN:
SF:database\migrations\1574777245289_create_permission_role_table.js
FN:6,(anonymous_0)
FN:7,(anonymous_1)
FN:17,(anonymous_2)
FNF:3
FNH:3
FNDA:1,(anonymous_0)
FNDA:1,(anonymous_1)
FNDA:1,(anonymous_2)
DA:3,1
DA:7,1
DA:8,1
DA:9,1
DA:10,1
DA:11,1
DA:12,1
DA:13,1
DA:18,1
DA:22,1
LF:10
LH:10
BRF:0
BRH:0
end_of_record
TN:
SF:database\migrations\1574777245298_create_permission_user_table.js
FN:6,(anonymous_0)
FN:7,(anonymous_1)
FN:17,(anonymous_2)
FNF:3
FNH:3
FNDA:1,(anonymous_0)
FNDA:1,(anonymous_1)
FNDA:1,(anonymous_2)
DA:3,1
DA:7,1
DA:8,1
DA:9,1
DA:10,1
DA:11,1
DA:12,1
DA:13,1
DA:18,1
DA:22,1
LF:10
LH:10
BRF:0
BRH:0
end_of_record
TN:
SF:database\migrations\1574777245325_create_role_user_table.js
FN:6,(anonymous_0)
FN:7,(anonymous_1)
FN:17,(anonymous_2)
FNF:3
FNH:3
FNDA:1,(anonymous_0)
FNDA:1,(anonymous_1)
FNDA:1,(anonymous_2)
DA:3,1
DA:7,1
DA:8,1
DA:9,1
DA:10,1
DA:11,1
DA:12,1
DA:13,1
DA:18,1
DA:22,1
LF:10
LH:10
BRF:0
BRH:0
end_of_record
TN:
SF:database\migrations\1574867674370_schedule_schema.js
FN:7,(anonymous_0)
FN:8,(anonymous_1)
FN:28,(anonymous_2)
FNF:3
FNH:3
FNDA:1,(anonymous_0)
FNDA:1,(anonymous_1)
FNDA:1,(anonymous_2)
DA:4,1
DA:8,1
DA:9,1
DA:10,1
DA:11,1
DA:12,1
DA:18,1
DA:24,1
DA:29,1
DA:33,1
LF:10
LH:10
BRF:0
BRH:0
end_of_record
TN:
SF:database\seeds\LocaleSeeder.js
FN:17,(anonymous_0)
FNF:1
FNH:1
FNDA:1,(anonymous_0)
DA:14,1
DA:18,1
DA:25,1
LF:3
LH:3
BRF:0
BRH:0
end_of_record
TN:
SF:database\seeds\PermissionSeeder.js
FN:17,(anonymous_0)
FNF:1
FNH:1
FNDA:1,(anonymous_0)
DA:14,1
DA:18,1
DA:156,1
LF:3
LH:3
BRF:0
BRH:0
end_of_record
TN:
SF:database\seeds\RoleSeeder.js
FN:18,(anonymous_0)
FNF:1
FNH:1
FNDA:1,(anonymous_0)
DA:14,1
DA:15,1
DA:19,1
DA:33,1
DA:194,1
LF:5
LH:5
BRF:0
BRH:0
end_of_record
TN:
SF:database\seeds\UserSeeder.js
FN:18,(anonymous_0)
FNF:1
FNH:1
FNDA:1,(anonymous_0)
DA:14,1
DA:15,1
DA:19,1
DA:25,1
DA:34,1
LF:5
LH:5
BRF:0
BRH:0
end_of_record
TN:
SF:providers\CustomValidationProvider.js
FN:18,(anonymous_0)
FN:39,(anonymous_1)
FN:61,(anonymous_2)
FN:78,(anonymous_3)
FN:103,(anonymous_4)
FN:122,(anonymous_5)
FN:141,(anonymous_6)
FNF:7
FNH:6
FNDA:18,(anonymous_0)
FNDA:0,(anonymous_1)
FNDA:8,(anonymous_2)
FNDA:8,(anonymous_3)
FNDA:8,(anonymous_4)
FNDA:8,(anonymous_5)
FNDA:1,(anonymous_6)
DA:3,1
DA:12,1
DA:19,18
DA:20,18
DA:21,18
DA:22,4
DA:25,14
DA:27,14
DA:31,14
DA:32,1
DA:40,0
DA:41,0
DA:43,0
DA:44,0
DA:45,0
DA:47,0
DA:48,0
DA:52,0
DA:53,0
DA:54,0
DA:62,8
DA:64,8
DA:65,1
DA:67,7
DA:68,7
DA:70,7
DA:71,1
DA:79,8
DA:81,8
DA:82,8
DA:84,8
DA:85,1
DA:88,7
DA:89,7
DA:91,7
DA:95,7
DA:96,0
DA:104,8
DA:106,8
DA:107,1
DA:110,7
DA:111,7
DA:112,7
DA:114,7
DA:115,2
DA:123,8
DA:125,8
DA:126,8
DA:128,8
DA:129,1
DA:132,7
DA:136,7
DA:137,1
DA:142,1
DA:144,1
DA:145,1
DA:146,1
DA:147,1
DA:148,1
DA:152,1
DA:156,1
LF:61
LH:50
BRDA:21,0,0,4
BRDA:21,0,1,14
BRDA:31,1,0,1
BRDA:31,1,1,13
BRDA:44,2,0,0
BRDA:44,2,1,0
BRDA:53,3,0,0
BRDA:53,3,1,0
BRDA:64,4,0,1
BRDA:64,4,1,7
BRDA:70,5,0,1
BRDA:70,5,1,6
BRDA:84,6,0,1
BRDA:84,6,1,7
BRDA:95,7,0,0
BRDA:95,7,1,7
BRDA:106,8,0,1
BRDA:106,8,1,7
BRDA:114,9,0,2
BRDA:114,9,1,5
BRDA:114,10,0,7
BRDA:114,10,1,7
BRDA:128,11,0,1
BRDA:128,11,1,7
BRDA:136,12,0,1
BRDA:136,12,1,6
BRF:26
BRH:21
end_of_record
TN:
SF:start\app.js
FNF:0
FNH:0
DA:3,1
DA:14,1
DA:41,1
DA:60,1
DA:75,1
DA:77,1
LF:6
LH:6
BRF:0
BRH:0
end_of_record
TN:
SF:start\kernel.js
FNF:0
FNH:0
DA:4,1
DA:15,1
DA:38,1
DA:55,1
DA:60,1
LF:5
LH:5
BRF:0
BRH:0
end_of_record
TN:
SF:start\routes.js
FN:11,(anonymous_0)
FN:25,(anonymous_1)
FN:98,(anonymous_2)
FNF:3
FNH:2
FNDA:0,(anonymous_0)
FNDA:1,(anonymous_1)
FNDA:1,(anonymous_2)
DA:5,1
DA:11,1
DA:13,1
DA:16,1
DA:20,1
DA:25,1
DA:27,1
DA:28,1
DA:29,1
DA:32,1
DA:37,1
DA:40,1
DA:43,1
DA:46,1
DA:49,1
DA:54,1
DA:55,1
DA:56,1
DA:59,1
DA:64,1
DA:65,1
DA:68,1
DA:71,1
DA:76,1
DA:79,1
DA:82,1
DA:87,1
DA:90,1
DA:93,1
DA:98,1
DA:100,1
DA:102,1
LF:32
LH:32
BRF:0
BRH:0
end_of_record
